[03-Jun-2020 16:05:51 UTC] PHP Warning:  Invalid argument supplied for foreach() in C:\Users\luisd\Local Sites\hansen-engineering-co-v4\app\public\wp-content\plugins\hashthemes-demo-importer\hashthemes-demo-importer.php on line 692
[03-Jun-2020 16:05:51 UTC] PHP Stack trace:
[03-Jun-2020 16:05:51 UTC] PHP   1. {main}() C:\Users\luisd\Local Sites\hansen-engineering-co-v4\app\public\wp-admin\admin-ajax.php:0
[03-Jun-2020 16:05:51 UTC] PHP   2. do_action() C:\Users\luisd\Local Sites\hansen-engineering-co-v4\app\public\wp-admin\admin-ajax.php:175
[03-Jun-2020 16:05:51 UTC] PHP   3. WP_Hook->do_action() C:\Users\luisd\Local Sites\hansen-engineering-co-v4\app\public\wp-includes\plugin.php:478
[03-Jun-2020 16:05:51 UTC] PHP   4. WP_Hook->apply_filters() C:\Users\luisd\Local Sites\hansen-engineering-co-v4\app\public\wp-includes\class-wp-hook.php:311
[03-Jun-2020 16:05:51 UTC] PHP   5. HDI_Importer->hdi_install_plugin() C:\Users\luisd\Local Sites\hansen-engineering-co-v4\app\public\wp-includes\class-wp-hook.php:287
[03-Jun-2020 16:05:51 UTC] PHP   6. HDI_Importer->install_plugins() C:\Users\luisd\Local Sites\hansen-engineering-co-v4\app\public\wp-content\plugins\hashthemes-demo-importer\hashthemes-demo-importer.php:301
[04-Jun-2020 15:57:07 UTC] PHP Warning:  count(): Parameter must be an array or an object that implements Countable in C:\Users\luisd\Local Sites\hansen-engineering-co-v4\app\public\wp-content\themes\square\inc\square-functions.php on line 272
[04-Jun-2020 15:57:07 UTC] PHP Stack trace:
[04-Jun-2020 15:57:07 UTC] PHP   1. {main}() C:\Users\luisd\Local Sites\hansen-engineering-co-v4\app\public\wp-admin\customize.php:0
[04-Jun-2020 15:57:07 UTC] PHP   2. require_once() C:\Users\luisd\Local Sites\hansen-engineering-co-v4\app\public\wp-admin\customize.php:13
[04-Jun-2020 15:57:07 UTC] PHP   3. require_once() C:\Users\luisd\Local Sites\hansen-engineering-co-v4\app\public\wp-admin\admin.php:34
[04-Jun-2020 15:57:07 UTC] PHP   4. require_once() C:\Users\luisd\Local Sites\hansen-engineering-co-v4\app\public\wp-load.php:37
[04-Jun-2020 15:57:07 UTC] PHP   5. require_once() C:\Users\luisd\Local Sites\hansen-engineering-co-v4\app\public\wp-config.php:77
[04-Jun-2020 15:57:07 UTC] PHP   6. do_action() C:\Users\luisd\Local Sites\hansen-engineering-co-v4\app\public\wp-settings.php:562
[04-Jun-2020 15:57:07 UTC] PHP   7. WP_Hook->do_action() C:\Users\luisd\Local Sites\hansen-engineering-co-v4\app\public\wp-includes\plugin.php:478
[04-Jun-2020 15:57:07 UTC] PHP   8. WP_Hook->apply_filters() C:\Users\luisd\Local Sites\hansen-engineering-co-v4\app\public\wp-includes\class-wp-hook.php:311
[04-Jun-2020 15:57:07 UTC] PHP   9. WP_Customize_Manager->wp_loaded() C:\Users\luisd\Local Sites\hansen-engineering-co-v4\app\public\wp-includes\class-wp-hook.php:287
[04-Jun-2020 15:57:07 UTC] PHP  10. do_action() C:\Users\luisd\Local Sites\hansen-engineering-co-v4\app\public\wp-includes\class-wp-customize-manager.php:928
[04-Jun-2020 15:57:07 UTC] PHP  11. WP_Hook->do_action() C:\Users\luisd\Local Sites\hansen-engineering-co-v4\app\public\wp-includes\plugin.php:478
[04-Jun-2020 15:57:07 UTC] PHP  12. WP_Hook->apply_filters() C:\Users\luisd\Local Sites\hansen-engineering-co-v4\app\public\wp-includes\class-wp-hook.php:311
[04-Jun-2020 15:57:07 UTC] PHP  13. square_customize_register() C:\Users\luisd\Local Sites\hansen-engineering-co-v4\app\public\wp-includes\class-wp-hook.php:287
[04-Jun-2020 15:57:07 UTC] PHP  14. square_enable_frontpage_default() C:\Users\luisd\Local Sites\hansen-engineering-co-v4\app\public\wp-content\themes\square\inc\customizer.php:110
[04-Jun-2020 15:57:07 UTC] PHP Warning:  Cannot modify header information - headers already sent by (output started at C:\Users\luisd\Local Sites\hansen-engineering-co-v4\app\public\wp-content\themes\square\inc\square-functions.php:272) in C:\Users\luisd\Local Sites\hansen-engineering-co-v4\app\public\wp-includes\functions.php on line 6221
[04-Jun-2020 15:57:07 UTC] PHP Stack trace:
[04-Jun-2020 15:57:07 UTC] PHP   1. {main}() C:\Users\luisd\Local Sites\hansen-engineering-co-v4\app\public\wp-admin\customize.php:0
[04-Jun-2020 15:57:07 UTC] PHP   2. require_once() C:\Users\luisd\Local Sites\hansen-engineering-co-v4\app\public\wp-admin\customize.php:13
[04-Jun-2020 15:57:07 UTC] PHP   3. do_action() C:\Users\luisd\Local Sites\hansen-engineering-co-v4\app\public\wp-admin\admin.php:170
[04-Jun-2020 15:57:07 UTC] PHP   4. WP_Hook->do_action() C:\Users\luisd\Local Sites\hansen-engineering-co-v4\app\public\wp-includes\plugin.php:478
[04-Jun-2020 15:57:07 UTC] PHP   5. WP_Hook->apply_filters() C:\Users\luisd\Local Sites\hansen-engineering-co-v4\app\public\wp-includes\class-wp-hook.php:311
[04-Jun-2020 15:57:07 UTC] PHP   6. send_frame_options_header() C:\Users\luisd\Local Sites\hansen-engineering-co-v4\app\public\wp-includes\class-wp-hook.php:285
[04-Jun-2020 15:57:07 UTC] PHP   7. header() C:\Users\luisd\Local Sites\hansen-engineering-co-v4\app\public\wp-includes\functions.php:6221
[04-Jun-2020 15:57:07 UTC] PHP Warning:  Cannot modify header information - headers already sent by (output started at C:\Users\luisd\Local Sites\hansen-engineering-co-v4\app\public\wp-content\themes\square\inc\square-functions.php:272) in C:\Users\luisd\Local Sites\hansen-engineering-co-v4\app\public\wp-admin\includes\misc.php on line 1259
[04-Jun-2020 15:57:07 UTC] PHP Stack trace:
[04-Jun-2020 15:57:07 UTC] PHP   1. {main}() C:\Users\luisd\Local Sites\hansen-engineering-co-v4\app\public\wp-admin\customize.php:0
[04-Jun-2020 15:57:07 UTC] PHP   2. require_once() C:\Users\luisd\Local Sites\hansen-engineering-co-v4\app\public\wp-admin\customize.php:13
[04-Jun-2020 15:57:07 UTC] PHP   3. do_action() C:\Users\luisd\Local Sites\hansen-engineering-co-v4\app\public\wp-admin\admin.php:170
[04-Jun-2020 15:57:07 UTC] PHP   4. WP_Hook->do_action() C:\Users\luisd\Local Sites\hansen-engineering-co-v4\app\public\wp-includes\plugin.php:478
[04-Jun-2020 15:57:07 UTC] PHP   5. WP_Hook->apply_filters() C:\Users\luisd\Local Sites\hansen-engineering-co-v4\app\public\wp-includes\class-wp-hook.php:311
[04-Jun-2020 15:57:07 UTC] PHP   6. wp_admin_headers() C:\Users\luisd\Local Sites\hansen-engineering-co-v4\app\public\wp-includes\class-wp-hook.php:287
[04-Jun-2020 15:57:07 UTC] PHP   7. header() C:\Users\luisd\Local Sites\hansen-engineering-co-v4\app\public\wp-admin\includes\misc.php:1259
[04-Jun-2020 15:57:07 UTC] PHP Warning:  Cannot modify header information - headers already sent by (output started at C:\Users\luisd\Local Sites\hansen-engineering-co-v4\app\public\wp-content\themes\square\inc\square-functions.php:272) in C:\Users\luisd\Local Sites\hansen-engineering-co-v4\app\public\wp-admin\customize.php on line 126
[04-Jun-2020 15:57:07 UTC] PHP Stack trace:
[04-Jun-2020 15:57:07 UTC] PHP   1. {main}() C:\Users\luisd\Local Sites\hansen-engineering-co-v4\app\public\wp-admin\customize.php:0
[04-Jun-2020 15:57:07 UTC] PHP   2. header() C:\Users\luisd\Local Sites\hansen-engineering-co-v4\app\public\wp-admin\customize.php:126
[04-Jun-2020 18:10:34 UTC] WordPress database error Table 'local.wp_finaltiles_gallery' doesn't exist for query SELECT * FROM wp_FinalTiles_gallery made by activate_plugin, do_action('activate_final-tiles-grid-gallery-lite/FinalTilesGalleryLite.php'), WP_Hook->do_action, WP_Hook->apply_filters, activate_finaltilesgallery, FinalTilesDB::updateConfiguration
[29-Jun-2020 19:52:30 UTC] PHP Fatal error:  Uncaught Error: Class 'WPGraphQL\ACF\Config' not found in /Users/ldgante/Local Sites/hansen-engineering-co-v4/app/public/wp-content/plugins/wp-graphql-gutenberg-acf-develop/plugin.php:29
Stack trace:
#0 /Users/ldgante/Local Sites/hansen-engineering-co-v4/app/public/wp-admin/includes/plugin.php(659): include_once()
#1 /Users/ldgante/Local Sites/hansen-engineering-co-v4/app/public/wp-admin/plugins.php(44): activate_plugin('wp-graphql-gute...', 'http://hansen-e...', false)
#2 {main}
  thrown in /Users/ldgante/Local Sites/hansen-engineering-co-v4/app/public/wp-content/plugins/wp-graphql-gutenberg-acf-develop/plugin.php on line 29
[29-Jun-2020 19:52:31 UTC] PHP Fatal error:  Uncaught Error: Class 'WPGraphQL\ACF\Config' not found in /Users/ldgante/Local Sites/hansen-engineering-co-v4/app/public/wp-content/plugins/wp-graphql-gutenberg-acf-develop/plugin.php:29
Stack trace:
#0 /Users/ldgante/Local Sites/hansen-engineering-co-v4/app/public/wp-admin/includes/plugin.php(2255): include()
#1 /Users/ldgante/Local Sites/hansen-engineering-co-v4/app/public/wp-admin/plugins.php(177): plugin_sandbox_scrape('wp-graphql-gute...')
#2 {main}
  thrown in /Users/ldgante/Local Sites/hansen-engineering-co-v4/app/public/wp-content/plugins/wp-graphql-gutenberg-acf-develop/plugin.php on line 29
[29-Jun-2020 19:52:31 UTC] PHP Fatal error:  Uncaught Error: Class 'WPGraphQL\ACF\Config' not found in /Users/ldgante/Local Sites/hansen-engineering-co-v4/app/public/wp-content/plugins/wp-graphql-gutenberg-acf-develop/plugin.php:29
Stack trace:
#0 /Users/ldgante/Local Sites/hansen-engineering-co-v4/app/public/wp-admin/includes/plugin.php(2255): include()
#1 /Users/ldgante/Local Sites/hansen-engineering-co-v4/app/public/wp-admin/plugins.php(177): plugin_sandbox_scrape('wp-graphql-gute...')
#2 {main}
  thrown in /Users/ldgante/Local Sites/hansen-engineering-co-v4/app/public/wp-content/plugins/wp-graphql-gutenberg-acf-develop/plugin.php on line 29
